10:51:43.079 [Thread-20] INFO  net.corda.flow.pipeline.handlers.events.StartFlowEventHandler {client_id=1c2ed16c-653f-4715-9bf9-70f9c0de9a10, flow_id=1c2ed16c-653f-4715-9bf9-70f9c0de9a10, vnode_id=93070132144A} - Lorcan - start flow with id  1c2ed16c-653f-4715-9bf9-70f9c0de9a10, mdc : {vnode_id=93070132144A, client_id=1c2ed16c-653f-4715-9bf9-70f9c0de9a10, flow_id=1c2ed16c-653f-4715-9bf9-70f9c0de9a10}
10:51:43.080 [Thread-20] INFO  net.corda.sandboxgroupcontext.service.impl.SandboxGroupContextCache {client_id=1c2ed16c-653f-4715-9bf9-70f9c0de9a10, flow_id=1c2ed16c-653f-4715-9bf9-70f9c0de9a10, vnode_id=93070132144A} - Caching flow sandbox for: O=Alice, L=London, C=GB (cache size: 1)
10:51:43.205 [Thread-20] ERROR net.corda.flow.pipeline.sandbox.factory.SandboxDependencyInjectorFactoryImpl {client_id=1c2ed16c-653f-4715-9bf9-70f9c0de9a10, flow_id=1c2ed16c-653f-4715-9bf9-70f9c0de9a10, vnode_id=93070132144A} - Service net.corda.ledger.utxo.flow.impl.flows.backchain.TransactionVerifierImpl is not serializable - SKIPPED
10:51:43.376 [Thread-20] WARN  net.corda.flow.fiber.factory.FlowFiberFactoryImpl {client_id=1c2ed16c-653f-4715-9bf9-70f9c0de9a10, flow_id=1c2ed16c-653f-4715-9bf9-70f9c0de9a10, vnode_id=93070132144A} - LORCAN -
10:51:43.376 [Thread-20] WARN  net.corda.flow.fiber.FlowFiberImpl {client_id=1c2ed16c-653f-4715-9bf9-70f9c0de9a10, flow_id=1c2ed16c-653f-4715-9bf9-70f9c0de9a10, vnode_id=93070132144A} - startFlow flowFiberExecutionContext mdc : {vnode_id=93070132144A, client_id=1c2ed16c-653f-4715-9bf9-70f9c0de9a10, flow_id=1c2ed16c-653f-4715-9bf9-70f9c0de9a10}
net.corda.v5.base.exceptions.CordaRuntimeException: tmp
	at net.corda.flow.fiber.FlowFiberImpl.startFlow(FlowFiberImpl.kt:50) ~[?:?]
	at net.corda.flow.fiber.factory.FlowFiberFactoryImpl.createAndStartFlowFiber(FlowFiberFactoryImpl.kt:43) ~[?:?]
	at net.corda.flow.pipeline.runner.impl.FlowRunnerImpl.startFlow(FlowRunnerImpl.kt:106) ~[?:?]
	at net.corda.flow.pipeline.runner.impl.FlowRunnerImpl.startFlow(FlowRunnerImpl.kt:54) ~[?:?]
	at net.corda.flow.pipeline.runner.impl.FlowRunnerImpl.runFlow(FlowRunnerImpl.kt:37) ~[?:?]
	at net.corda.flow.pipeline.impl.FlowEventPipelineImpl.updateContextFromFlowExecution(FlowEventPipelineImpl.kt:148) ~[?:?]
	at net.corda.flow.pipeline.impl.FlowEventPipelineImpl.runOrContinue(FlowEventPipelineImpl.kt:90) ~[?:?]
	at net.corda.flow.pipeline.impl.FlowEventPipelineImpl.runOrContinue(FlowEventPipelineImpl.kt:33) ~[?:?]
	at net.corda.flow.pipeline.impl.FlowEventProcessorImpl.getFlowPipelineResponse(FlowEventProcessorImpl.kt:94) ~[?:?]
	at net.corda.flow.pipeline.impl.FlowEventProcessorImpl.access$getFlowPipelineResponse(FlowEventProcessorImpl.kt:23) ~[?:?]
	at net.corda.flow.pipeline.impl.FlowEventProcessorImpl$onNext$1.invoke(FlowEventProcessorImpl.kt:64) ~[?:?]
	at net.corda.flow.pipeline.impl.FlowEventProcessorImpl$onNext$1.invoke(FlowEventProcessorImpl.kt:63) ~[?:?]
	at net.corda.utilities.LogUtilsKt.withMDC(LogUtils.kt:61) ~[?:?]
	at net.corda.flow.pipeline.impl.FlowEventProcessorImpl.onNext(FlowEventProcessorImpl.kt:63) ~[?:?]
	at net.corda.flow.pipeline.impl.FlowEventProcessorImpl.onNext(FlowEventProcessorImpl.kt:23) ~[?:?]
	at net.corda.messaging.subscription.StateAndEventSubscriptionImpl$getUpdatesForEvent$future$1$1.invoke(StateAndEventSubscriptionImpl.kt:278) ~[?:?]
	at net.corda.messaging.subscription.consumer.StateAndEventConsumerImpl.waitForFunctionToFinish$lambda$5(StateAndEventConsumerImpl.kt:125) ~[?:?]
	at java.util.concurrent.CompletableFuture$AsyncSupply.run(CompletableFuture.java:1700) ~[?:?]
	at java.util.concurrent.Executors$RunnableAdapter.call(Executors.java:515) ~[?:?]
	at java.util.concurrent.FutureTask.run(FutureTask.java:264) ~[?:?]
	at java.util.concurrent.ScheduledThreadPoolExecutor$ScheduledFutureTask.run(ScheduledThreadPoolExecutor.java:304) ~[?:?]
	at java.util.concurrent.ThreadPoolExecutor.runWorker(ThreadPoolExecutor.java:1128) ~[?:?]
	at java.util.concurrent.ThreadPoolExecutor$Worker.run(ThreadPoolExecutor.java:628) ~[?:?]
	at java.lang.Thread.run(Thread.java:829) ~[?:?]
10:51:43.381 [single-threaded-scheduled-executor-1] WARN  net.corda.flow.fiber.FlowFiberImpl {} - runFlow flowFiberExecutionContext mdc : {vnode_id=93070132144A, client_id=1c2ed16c-653f-4715-9bf9-70f9c0de9a10, flow_id=1c2ed16c-653f-4715-9bf9-70f9c0de9a10}
10:51:43.381 [single-threaded-scheduled-executor-1] WARN  net.corda.flow.fiber.FlowFiberImpl {} - mdc before reset (runFlow) flowFiberExecutionContext mdc : {vnode_id=93070132144A, client_id=1c2ed16c-653f-4715-9bf9-70f9c0de9a10, flow_id=1c2ed16c-653f-4715-9bf9-70f9c0de9a10}
10:51:43.381 [single-threaded-scheduled-executor-1] WARN  net.corda.flow.fiber.FlowFiberImpl {client_id=1c2ed16c-653f-4715-9bf9-70f9c0de9a10, flow_id=1c2ed16c-653f-4715-9bf9-70f9c0de9a10, vnode_id=93070132144A} - mdc after reset (runFlow) flowFiberExecutionContext mdc : {vnode_id=93070132144A, client_id=1c2ed16c-653f-4715-9bf9-70f9c0de9a10, flow_id=1c2ed16c-653f-4715-9bf9-70f9c0de9a10}
10:51:43.382 [single-threaded-scheduled-executor-1] WARN  net.corda.flow.fiber.FlowFiberImpl {client_id=4b14e28d-59ac-402a-b5e8-6925a1cb590a, flow_id=4b14e28d-59ac-402a-b5e8-6925a1cb590a, vnode_id=72D7A918D960} - mdc before reset (suspend) flowFiberExecutionContext mdc : {vnode_id=93070132144A, client_id=1c2ed16c-653f-4715-9bf9-70f9c0de9a10, flow_id=1c2ed16c-653f-4715-9bf9-70f9c0de9a10}
10:51:43.383 [single-threaded-scheduled-executor-1] WARN  net.corda.flow.fiber.FlowFiberImpl {client_id=1c2ed16c-653f-4715-9bf9-70f9c0de9a10, flow_id=1c2ed16c-653f-4715-9bf9-70f9c0de9a10, vnode_id=93070132144A} - mdc after reset (suspend) flowFiberExecutionContext mdc : {vnode_id=93070132144A, client_id=1c2ed16c-653f-4715-9bf9-70f9c0de9a10, flow_id=1c2ed16c-653f-4715-9bf9-70f9c0de9a10}
10:51:43.383 [single-threaded-scheduled-executor-1] WARN  net.corda.flow.fiber.FlowFiberImpl {client_id=1c2ed16c-653f-4715-9bf9-70f9c0de9a10, flow_id=1c2ed16c-653f-4715-9bf9-70f9c0de9a10, vnode_id=93070132144A} - Parking... flowFiberExecutionContext mdc : {vnode_id=93070132144A, client_id=1c2ed16c-653f-4715-9bf9-70f9c0de9a10, flow_id=1c2ed16c-653f-4715-9bf9-70f9c0de9a10}
10:51:43.401 [single-threaded-scheduled-executor-1] WARN  net.corda.flow.fiber.FlowFiberImpl {client_id=1c2ed16c-653f-4715-9bf9-70f9c0de9a10, flow_id=1c2ed16c-653f-4715-9bf9-70f9c0de9a10, vnode_id=93070132144A} - mdc before reset (afterPark) flowFiberExecutionContext mdc : {vnode_id=93070132144A, client_id=1c2ed16c-653f-4715-9bf9-70f9c0de9a10, flow_id=1c2ed16c-653f-4715-9bf9-70f9c0de9a10}
10:51:43.401 [single-threaded-scheduled-executor-1] WARN  net.corda.flow.fiber.FlowFiberImpl {client_id=1c2ed16c-653f-4715-9bf9-70f9c0de9a10, flow_id=1c2ed16c-653f-4715-9bf9-70f9c0de9a10, vnode_id=93070132144A} - mdc after reset (afterPark) flowFiberExecutionContext mdc : {vnode_id=93070132144A, client_id=1c2ed16c-653f-4715-9bf9-70f9c0de9a10, flow_id=1c2ed16c-653f-4715-9bf9-70f9c0de9a10}
10:51:43.459 [Thread-20] WARN  net.corda.flow.fiber.FlowFiberImpl {client_id=4b14e28d-59ac-402a-b5e8-6925a1cb590a, flow_id=3efd09e5-ce1f-4700-a65d-ad906d2eedff, vnode_id=72D7A918D960} - resume lowFiberExecutionContext mdc : {vnode_id=72D7A918D960, client_id=4b14e28d-59ac-402a-b5e8-6925a1cb590a, flow_id=3efd09e5-ce1f-4700-a65d-ad906d2eedff}
10:51:43.459 [Thread-20] WARN  net.corda.flow.fiber.FlowFiberImpl {client_id=4b14e28d-59ac-402a-b5e8-6925a1cb590a, flow_id=3efd09e5-ce1f-4700-a65d-ad906d2eedff, vnode_id=72D7A918D960} - mdc before reset (resumeunpark1) flowFiberExecutionContext mdc : {vnode_id=72D7A918D960, client_id=4b14e28d-59ac-402a-b5e8-6925a1cb590a, flow_id=3efd09e5-ce1f-4700-a65d-ad906d2eedff}
10:51:43.459 [Thread-20] WARN  net.corda.flow.fiber.FlowFiberImpl {client_id=4b14e28d-59ac-402a-b5e8-6925a1cb590a, flow_id=3efd09e5-ce1f-4700-a65d-ad906d2eedff, vnode_id=72D7A918D960} - mdc after reset (resumeunpark1) flowFiberExecutionContext mdc : {vnode_id=72D7A918D960, client_id=4b14e28d-59ac-402a-b5e8-6925a1cb590a, flow_id=3efd09e5-ce1f-4700-a65d-ad906d2eedff}
10:51:43.459 [Thread-20] WARN  net.corda.flow.fiber.FlowFiberImpl {client_id=4b14e28d-59ac-402a-b5e8-6925a1cb590a, flow_id=3efd09e5-ce1f-4700-a65d-ad906d2eedff, vnode_id=72D7A918D960} - mdc before reset (resumeunpark2) flowFiberExecutionContext mdc : {vnode_id=72D7A918D960, client_id=4b14e28d-59ac-402a-b5e8-6925a1cb590a, flow_id=3efd09e5-ce1f-4700-a65d-ad906d2eedff}
10:51:43.459 [Thread-20] WARN  net.corda.flow.fiber.FlowFiberImpl {client_id=4b14e28d-59ac-402a-b5e8-6925a1cb590a, flow_id=3efd09e5-ce1f-4700-a65d-ad906d2eedff, vnode_id=72D7A918D960} - mdc after reset (resumeunpark2) flowFiberExecutionContext mdc : {vnode_id=72D7A918D960, client_id=4b14e28d-59ac-402a-b5e8-6925a1cb590a, flow_id=3efd09e5-ce1f-4700-a65d-ad906d2eedff}
10:51:43.459 [single-threaded-scheduled-executor-1] WARN  net.corda.flow.fiber.FlowFiberImpl {} - mdc before reset (afterSuspend) flowFiberExecutionContext mdc : {vnode_id=72D7A918D960, client_id=4b14e28d-59ac-402a-b5e8-6925a1cb590a, flow_id=3efd09e5-ce1f-4700-a65d-ad906d2eedff}
10:51:43.460 [single-threaded-scheduled-executor-1] WARN  net.corda.flow.fiber.FlowFiberImpl {client_id=4b14e28d-59ac-402a-b5e8-6925a1cb590a, flow_id=3efd09e5-ce1f-4700-a65d-ad906d2eedff, vnode_id=72D7A918D960} - mdc after reset (afterSuspend) flowFiberExecutionContext mdc : {vnode_id=72D7A918D960, client_id=4b14e28d-59ac-402a-b5e8-6925a1cb590a, flow_id=3efd09e5-ce1f-4700-a65d-ad906d2eedff}
10:51:43.476 [single-threaded-scheduled-executor-1] INFO  net.cordapp.testing.apps.executor.ExecutorFlow {client_id=4b14e28d-59ac-402a-b5e8-6925a1cb590a, flow_id=3efd09e5-ce1f-4700-a65d-ad906d2eedff, vnode_id=72D7A918D960} - Handling Command 'broadcast-message' with Flow Parameters '{messageContent=PING}'...
10:51:43.478 [single-threaded-scheduled-executor-1] INFO  net.cordapp.testing.apps.executor.ExecutorFlow {client_id=4b14e28d-59ac-402a-b5e8-6925a1cb590a, flow_id=3efd09e5-ce1f-4700-a65d-ad906d2eedff, vnode_id=72D7A918D960} - Opening session with member O=Alice, L=London, C=GB...
10:51:43.486 [single-threaded-scheduled-executor-1] INFO  net.cordapp.testing.apps.executor.ExecutorFlow {client_id=4b14e28d-59ac-402a-b5e8-6925a1cb590a, flow_id=3efd09e5-ce1f-4700-a65d-ad906d2eedff, vnode_id=72D7A918D960} - Sending PING to 1 members...
10:51:43.900 [single-threaded-scheduled-executor-1] WARN  net.corda.flow.fiber.FlowFiberImpl {client_id=1c2ed16c-653f-4715-9bf9-70f9c0de9a10, flow_id=1c2ed16c-653f-4715-9bf9-70f9c0de9a10, vnode_id=93070132144A} - mdc before reset (suspend) flowFiberExecutionContext mdc : {vnode_id=72D7A918D960, client_id=4b14e28d-59ac-402a-b5e8-6925a1cb590a, flow_id=3efd09e5-ce1f-4700-a65d-ad906d2eedff}
10:51:43.901 [single-threaded-scheduled-executor-1] WARN  net.corda.flow.fiber.FlowFiberImpl {client_id=4b14e28d-59ac-402a-b5e8-6925a1cb590a, flow_id=3efd09e5-ce1f-4700-a65d-ad906d2eedff, vnode_id=72D7A918D960} - mdc after reset (suspend) flowFiberExecutionContext mdc : {vnode_id=72D7A918D960, client_id=4b14e28d-59ac-402a-b5e8-6925a1cb590a, flow_id=3efd09e5-ce1f-4700-a65d-ad906d2eedff}
10:51:43.901 [single-threaded-scheduled-executor-1] WARN  net.corda.flow.fiber.FlowFiberImpl {client_id=4b14e28d-59ac-402a-b5e8-6925a1cb590a, flow_id=3efd09e5-ce1f-4700-a65d-ad906d2eedff, vnode_id=72D7A918D960} - Parking... flowFiberExecutionContext mdc : {vnode_id=72D7A918D960, client_id=4b14e28d-59ac-402a-b5e8-6925a1cb590a, flow_id=3efd09e5-ce1f-4700-a65d-ad906d2eedff}
10:51:43.960 [single-threaded-scheduled-executor-1] WARN  net.corda.flow.fiber.FlowFiberImpl {client_id=4b14e28d-59ac-402a-b5e8-6925a1cb590a, flow_id=3efd09e5-ce1f-4700-a65d-ad906d2eedff, vnode_id=72D7A918D960} - mdc before reset (afterPark) flowFiberExecutionContext mdc : {vnode_id=72D7A918D960, client_id=4b14e28d-59ac-402a-b5e8-6925a1cb590a, flow_id=3efd09e5-ce1f-4700-a65d-ad906d2eedff}
10:51:43.960 [single-threaded-scheduled-executor-1] WARN  net.corda.flow.fiber.FlowFiberImpl {client_id=4b14e28d-59ac-402a-b5e8-6925a1cb590a, flow_id=3efd09e5-ce1f-4700-a65d-ad906d2eedff, vnode_id=72D7A918D960} - mdc after reset (afterPark) flowFiberExecutionContext mdc : {vnode_id=72D7A918D960, client_id=4b14e28d-59ac-402a-b5e8-6925a1cb590a, flow_id=3efd09e5-ce1f-4700-a65d-ad906d2eedff}
